\BOOKMARK [1][-]{section*.2}{\376\377\000T\000h\000e\000\040\000p\000r\000e\000m\000i\000s\000e}{}% 1
\BOOKMARK [1][-]{section*.6}{\376\377\000P\000a\000r\000t\000\040\000I\000.\000\040\000\040\000T\000h\000e\000\040\000A\000r\000e\000n\000a\000:\000\040\000Q\000u\000a\000n\000t\000u\000m\000\040\000F\000i\000e\000l\000d\000\040\000T\000h\000e\000o\000r\000y\000\040\000W\000i\000t\000h\000o\000u\000t\000\040\000L\000a\000g\000r\000a\000n\000g\000i\000a\000n\000s}{}% 2
\BOOKMARK [1][-]{section*.14}{\376\377\000P\000a\000r\000t\000\040\000I\000I\000.\000\040\000\040\000S\000y\000m\000m\000e\000t\000r\000y}{}% 3
\BOOKMARK [1][-]{section*.23}{\376\377\000P\000a\000r\000t\000\040\000I\000I\000I\000.\000\040\000\040\000F\000i\000x\000e\000d\000\040\000P\000o\000i\000n\000t\000s\000:\000\040\000C\000o\000n\000f\000o\000r\000m\000a\000l\000\040\000F\000i\000e\000l\000d\000\040\000T\000h\000e\000o\000r\000y}{}% 4
\BOOKMARK [1][-]{section*.31}{\376\377\000P\000a\000r\000t\000\040\000I\000V\000.\000\040\000\040\000F\000l\000o\000w\000s\000:\000\040\000T\000h\000e\000\040\000R\000e\000n\000o\000r\000m\000a\000l\000i\000z\000a\000t\000i\000o\000n\000\040\000G\000r\000o\000u\000p\000\040\000a\000s\000\040\000D\000y\000n\000a\000m\000i\000c\000s}{}% 5
\BOOKMARK [1][-]{section*.37}{\376\377\000P\000a\000r\000t\000\040\000V\000.\000\040\000\040\000G\000a\000u\000g\000e\000\040\000D\000y\000n\000a\000m\000i\000c\000s}{}% 6
\BOOKMARK [1][-]{section*.44}{\376\377\000P\000a\000r\000t\000\040\000V\000I\000.\000\040\000\040\000E\000x\000a\000c\000t\000l\000y\000\040\000S\000o\000l\000v\000a\000b\000l\000e\000\040\000C\000o\000r\000n\000e\000r\000s\000:\000\040\000S\000u\000p\000e\000r\000s\000y\000m\000m\000e\000t\000r\000y\000\040\000a\000n\000d\000\040\000F\000r\000i\000e\000n\000d\000s}{}% 7
\BOOKMARK [1][-]{section*.51}{\376\377\000P\000a\000r\000t\000\040\000V\000I\000I\000.\000\040\000\040\000D\000u\000a\000l\000i\000t\000y}{}% 8
\BOOKMARK [1][-]{section*.56}{\376\377\000P\000a\000r\000t\000\040\000V\000I\000I\000I\000.\000\040\000\040\000T\000h\000e\000\040\000L\000a\000t\000t\000i\000c\000e\000\040\000a\000n\000d\000\040\000t\000h\000e\000\040\000C\000o\000n\000t\000i\000n\000u\000u\000m}{}% 9
\BOOKMARK [1][-]{section*.63}{\376\377\000P\000a\000r\000t\000\040\000I\000X\000.\000\040\000\040\000Q\000u\000a\000n\000t\000u\000m\000\040\000F\000i\000e\000l\000d\000s\000\040\000a\000n\000d\000\040\000Q\000u\000a\000n\000t\000u\000m\000\040\000I\000n\000f\000o\000r\000m\000a\000t\000i\000o\000n}{}% 10
\BOOKMARK [1][-]{section*.69}{\376\377\000P\000a\000r\000t\000\040\000X\000.\000\040\000\040\000S\000c\000a\000t\000t\000e\000r\000i\000n\000g\000,\000\040\000t\000h\000e\000\040\000U\000V\000,\000\040\000a\000n\000d\000\040\000t\000h\000e\000\040\000S\000p\000a\000c\000e\000\040\000o\000f\000\040\000C\000o\000n\000s\000i\000s\000t\000e\000n\000t\000\040\000T\000h\000e\000o\000r\000i\000e\000s}{}% 11
\BOOKMARK [1][-]{section*.74}{\376\377\000P\000a\000r\000t\000\040\000X\000I\000.\000\040\000\040\000L\000a\000r\000g\000e\000\040\000N\000,\000\040\000H\000o\000l\000o\000g\000r\000a\000p\000h\000y\000,\000\040\000a\000n\000d\000\040\000G\000r\000a\000v\000i\000t\000y}{}% 12
\BOOKMARK [1][-]{section*.79}{\376\377\000P\000a\000r\000t\000\040\000X\000I\000I\000.\000\040\000\040\000E\000p\000i\000l\000o\000g\000u\000e\000:\000\040\000T\000h\000e\000\040\000N\000e\000x\000t\000\040\000T\000w\000e\000n\000t\000y\000\040\000Y\000e\000a\000r\000s}{}% 13
\BOOKMARK [1][-]{section*.85}{\376\377\000T\000h\000e\000\040\000l\000i\000b\000r\000a\000r\000y}{}% 14
\BOOKMARK [0][-]{part.1}{\376\377\000I\000\040\000T\000h\000e\000\040\000A\000r\000e\000n\000a\000:\000\040\000Q\000u\000a\000n\000t\000u\000m\000\040\000F\000i\000e\000l\000d\000\040\000T\000h\000e\000o\000r\000y\000\040\000W\000i\000t\000h\000o\000u\000t\000\040\000L\000a\000g\000r\000a\000n\000g\000i\000a\000n\000s}{}% 15
\BOOKMARK [1][-]{section.1}{\376\377\000W\000h\000a\000t\000\040\000i\000s\000\040\000a\000\040\000q\000u\000a\000n\000t\000u\000m\000\040\000f\000i\000e\000l\000d\000\040\000t\000h\000e\000o\000r\000y\000?}{part.1}% 16
\BOOKMARK [2][-]{subsection.1.1}{\376\377\000T\000h\000e\000\040\000s\000t\000a\000n\000d\000a\000r\000d\000\040\000p\000a\000r\000a\000d\000i\000g\000m}{section.1}% 17
\BOOKMARK [2][-]{subsection.1.2}{\376\377\000F\000o\000u\000r\000\040\000c\000r\000a\000c\000k\000s}{section.1}% 18
\BOOKMARK [2][-]{subsection.1.3}{\376\377\000W\000h\000a\000t\000\040\000a\000\040\000q\000u\000a\000n\000t\000u\000m\000\040\000f\000i\000e\000l\000d\000\040\000t\000h\000e\000o\000r\000y\000\040\000a\000s\000s\000i\000g\000n\000s}{section.1}% 19
\BOOKMARK [2][-]{subsection.1.4}{\376\377\000L\000o\000c\000a\000l\000i\000t\000y\000,\000\040\000t\000h\000e\000\040\000o\000n\000e\000\040\000n\000o\000n\000-\000n\000e\000g\000o\000t\000i\000a\000b\000l\000e}{section.1}% 20
\BOOKMARK [2][-]{subsection.1.5}{\376\377\000T\000h\000e\000o\000r\000y\000\040\000s\000p\000a\000c\000e\000:\000\040\000t\000h\000e\000\040\000p\000i\000c\000t\000u\000r\000e\000\040\000t\000o\000\040\000k\000e\000e\000p}{section.1}% 21
\BOOKMARK [2][-]{subsection.1.6}{\376\377\000W\000h\000a\000t\000\040\000w\000o\000u\000l\000d\000\040\000c\000o\000u\000n\000t\000\040\000a\000s\000\040\000a\000n\000\040\000a\000n\000s\000w\000e\000r\000?}{section.1}% 22
\BOOKMARK [1][-]{appendix.A}{\376\377\000C\000o\000n\000v\000e\000n\000t\000i\000o\000n\000s}{part.1}% 23
