\BOOKMARK [1][-]{section.1}{\376\377\000B\000i\000g\000\040\000p\000i\000c\000t\000u\000r\000e\000:\000\040\000w\000h\000a\000t\000\040\000p\000r\000o\000b\000l\000e\000m\000\040\000a\000r\000e\000\040\000g\000a\000u\000g\000e\000\040\000f\000i\000e\000l\000d\000s\000\040\000s\000o\000l\000v\000i\000n\000g\000?}{}% 1
\BOOKMARK [2][-]{subsection.1.1}{\376\377\000T\000h\000r\000e\000e\000\040\000t\000h\000i\000n\000g\000s\000\040\000y\000o\000u\000\040\000a\000l\000r\000e\000a\000d\000y\000\040\000k\000n\000o\000w\000\040\000t\000h\000a\000t\000\040\000a\000r\000e\000\040\000s\000e\000c\000r\000e\000t\000l\000y\000\040\000t\000h\000e\000\040\000s\000a\000m\000e\000\040\000t\000h\000i\000n\000g}{section.1}% 2
\BOOKMARK [2][-]{subsection.1.2}{\376\377\000W\000h\000y\000\040\000a\000\040\000h\000e\000p\000-\000t\000h\000\040\000s\000t\000u\000d\000e\000n\000t\000\040\000s\000h\000o\000u\000l\000d\000\040\000c\000a\000r\000e}{section.1}% 3
\BOOKMARK [1][-]{section.2}{\376\377\000F\000r\000o\000m\000\040\000g\000l\000o\000b\000a\000l\000\040\000t\000o\000\040\000l\000o\000c\000a\000l\000:\000\040\000g\000a\000u\000g\000i\000n\000g\000\040\000a\000\040\000s\000y\000m\000m\000e\000t\000r\000y\000,\000\040\000t\000h\000e\000\040\000p\000h\000y\000s\000i\000c\000i\000s\000t\000'\000s\000\040\000w\000a\000y}{}% 4
\BOOKMARK [2][-]{subsection.2.1}{\376\377\000A\000\040\000f\000r\000e\000e\000\040\000c\000o\000m\000p\000l\000e\000x\000\040\000s\000c\000a\000l\000a\000r\000\040\000a\000n\000d\000\040\000i\000t\000s\000\040\000g\000l\000o\000b\000a\000l\000\040\000U\000\050\0001\000\051}{section.2}% 5
\BOOKMARK [2][-]{subsection.2.2}{\376\377\000I\000n\000t\000r\000o\000d\000u\000c\000i\000n\000g\000\040\000t\000h\000e\000\040\000c\000o\000n\000n\000e\000c\000t\000i\000o\000n\000:\000\040\000t\000h\000e\000\040\000c\000o\000v\000a\000r\000i\000a\000n\000t\000\040\000d\000e\000r\000i\000v\000a\000t\000i\000v\000e}{section.2}% 6
\BOOKMARK [2][-]{subsection.2.3}{\376\377\000C\000u\000r\000v\000a\000t\000u\000r\000e\000:\000\040\000t\000h\000e\000\040\000f\000i\000e\000l\000d\000\040\000s\000t\000r\000e\000n\000g\000t\000h}{section.2}% 7
\BOOKMARK [2][-]{subsection.2.4}{\376\377\000T\000h\000e\000\040\000W\000i\000l\000s\000o\000n\000\040\000l\000i\000n\000e\000:\000\040\000t\000r\000a\000n\000s\000p\000o\000r\000t\000\040\000m\000a\000d\000e\000\040\000f\000i\000n\000i\000t\000e}{section.2}% 8
\BOOKMARK [1][-]{section.3}{\376\377\000N\000o\000n\000-\000a\000b\000e\000l\000i\000a\000n\000\040\000g\000a\000u\000g\000e\000\040\000f\000i\000e\000l\000d\000s\000:\000\040\000Y\000a\000n\000g\040\023\000M\000i\000l\000l\000s}{}% 9
\BOOKMARK [2][-]{subsection.3.1}{\376\377\000F\000i\000e\000l\000d\000s\000\040\000i\000n\000\040\000r\000e\000p\000r\000e\000s\000e\000n\000t\000a\000t\000i\000o\000n\000s\000;\000\040\000t\000h\000e\000\040\000c\000o\000n\000n\000e\000c\000t\000i\000o\000n\000\040\000i\000s\000\040\000L\000i\000e\000-\000a\000l\000g\000e\000b\000r\000a\000\040\000v\000a\000l\000u\000e\000d}{section.3}% 10
\BOOKMARK [2][-]{subsection.3.2}{\376\377\000C\000u\000r\000v\000a\000t\000u\000r\000e\000\040\000a\000n\000d\000\040\000t\000h\000e\000\040\000Y\000a\000n\000g\040\023\000M\000i\000l\000l\000s\000\040\000a\000c\000t\000i\000o\000n}{section.3}% 11
\BOOKMARK [2][-]{subsection.3.3}{\376\377\000W\000i\000l\000s\000o\000n\000\040\000l\000i\000n\000e\000s\000,\000\040\000h\000o\000l\000o\000n\000o\000m\000y\000,\000\040\000a\000n\000d\000\040\000p\000a\000t\000h\000\040\000o\000r\000d\000e\000r\000i\000n\000g}{section.3}% 12
\BOOKMARK [1][-]{section.4}{\376\377\000T\000h\000e\000\040\000g\000e\000o\000m\000e\000t\000r\000i\000c\000\040\000d\000e\000f\000i\000n\000i\000t\000i\000o\000n\000:\000\040\000c\000o\000n\000n\000e\000c\000t\000i\000o\000n\000s\000\040\000o\000n\000\040\000p\000r\000i\000n\000c\000i\000p\000a\000l\000\040\000b\000u\000n\000d\000l\000e\000s}{}% 13
\BOOKMARK [2][-]{subsection.4.1}{\376\377\000W\000h\000y\000\040\000t\000h\000e\000\040\000l\000o\000c\000a\000l\000\040\000p\000i\000c\000t\000u\000r\000e\000\040\000i\000s\000\040\000n\000o\000t\000\040\000e\000n\000o\000u\000g\000h\000:\000\040\000t\000h\000e\000\040\000D\000i\000r\000a\000c\000\040\000m\000o\000n\000o\000p\000o\000l\000e}{section.4}% 14
\BOOKMARK [2][-]{subsection.4.2}{\376\377\000N\000o\000t\000a\000t\000i\000o\000n\000\040\000i\000n\000t\000e\000r\000l\000u\000d\000e\000:\000\040\000L\000i\000e\000-\000a\000l\000g\000e\000b\000r\000a\000-\000v\000a\000l\000u\000e\000d\000\040\000f\000o\000r\000m\000s}{section.4}% 15
\BOOKMARK [2][-]{subsection.4.3}{\376\377\000P\000r\000i\000n\000c\000i\000p\000a\000l\000\040\000G\000-\000b\000u\000n\000d\000l\000e\000s}{section.4}% 16
\BOOKMARK [2][-]{subsection.4.4}{\376\377\000A\000s\000s\000o\000c\000i\000a\000t\000e\000d\000\040\000b\000u\000n\000d\000l\000e\000s\000:\000\040\000w\000h\000e\000r\000e\000\040\000m\000a\000t\000t\000e\000r\000\040\000l\000i\000v\000e\000s}{section.4}% 17
\BOOKMARK [2][-]{subsection.4.5}{\376\377\000C\000o\000n\000n\000e\000c\000t\000i\000o\000n\000s\000:\000\040\000t\000h\000e\000\040\000g\000a\000u\000g\000e\000\040\000f\000i\000e\000l\000d\000\040\000a\000s\000\040\000a\000\040\000g\000l\000o\000b\000a\000l\000\040\000o\000b\000j\000e\000c\000t}{section.4}% 18
\BOOKMARK [2][-]{subsection.4.6}{\376\377\000T\000o\000p\000o\000l\000o\000g\000y\000:\000\040\000c\000h\000a\000r\000a\000c\000t\000e\000r\000i\000s\000t\000i\000c\000\040\000c\000l\000a\000s\000s\000e\000s\000,\000\040\000m\000o\000n\000o\000p\000o\000l\000e\000s\000,\000\040\000i\000n\000s\000t\000a\000n\000t\000o\000n\000s}{section.4}% 19
\BOOKMARK [1][-]{section.5}{\376\377\000F\000i\000n\000i\000t\000e\000-\000g\000r\000o\000u\000p\000\040\000g\000a\000u\000g\000e\000\040\000f\000i\000e\000l\000d\000s\000:\000\040\000w\000h\000a\000t\000\040\000i\000s\000\040\000a\000\040\000Z\0002\000-\000g\000a\000u\000g\000e\000\040\000f\000i\000e\000l\000d\000?}{}% 20
\BOOKMARK [2][-]{subsection.5.1}{\376\377\000A\000\040\000c\000o\000n\000n\000e\000c\000t\000i\000o\000n\000\040\000i\000s\000\040\000a\000\040\000r\000u\000l\000e\000\040\000f\000o\000r\000\040\000p\000a\000r\000a\000l\000l\000e\000l\000\040\000t\000r\000a\000n\000s\000p\000o\000r\000t\000\040\000a\000l\000o\000n\000g\000\040\000p\000a\000t\000h\000s}{section.5}% 21
\BOOKMARK [2][-]{subsection.5.2}{\376\377\000T\000h\000e\000\040\000l\000a\000t\000t\000i\000c\000e\000\040\000d\000e\000f\000i\000n\000i\000t\000i\000o\000n\000:\000\040\000l\000i\000n\000k\000\040\000v\000a\000r\000i\000a\000b\000l\000e\000s}{section.5}% 22
\BOOKMARK [2][-]{subsection.5.3}{\376\377\000T\000h\000e\000\040\000c\000o\000h\000o\000m\000o\000l\000o\000g\000i\000c\000a\000l\000\040\000r\000e\000p\000a\000c\000k\000a\000g\000i\000n\000g\000\040\000\050\000w\000h\000y\000\040\000p\000e\000o\000p\000l\000e\000\040\000s\000a\000y\000\040\000`\000`\000c\000o\000c\000y\000c\000l\000e\000'\000'\000\051}{section.5}% 23
\BOOKMARK [1][-]{section.6}{\376\377\000B\000a\000c\000k\000g\000r\000o\000u\000n\000d\000\040\000g\000a\000u\000g\000e\000\040\000f\000i\000e\000l\000d\000s\000:\000\040\000p\000r\000o\000b\000i\000n\000g\000\040\000a\000\040\000g\000l\000o\000b\000a\000l\000\040\000s\000y\000m\000m\000e\000t\000r\000y}{}% 24
\BOOKMARK [2][-]{subsection.6.1}{\376\377\000C\000o\000u\000p\000l\000i\000n\000g\000\040\000a\000\040\000g\000l\000o\000b\000a\000l\000\040\000s\000y\000m\000m\000e\000t\000r\000y\000\040\000t\000o\000\040\000a\000\040\000b\000a\000c\000k\000g\000r\000o\000u\000n\000d}{section.6}% 25
\BOOKMARK [2][-]{subsection.6.2}{\376\377\000T\000h\000e\000\040\000d\000e\000f\000i\000n\000i\000n\000g\000\040\000p\000r\000o\000p\000e\000r\000t\000y\000:\000\040\000b\000a\000c\000k\000g\000r\000o\000u\000n\000d\000\040\000g\000a\000u\000g\000e\000\040\000i\000n\000v\000a\000r\000i\000a\000n\000c\000e}{section.6}% 26
\BOOKMARK [2][-]{subsection.6.3}{\376\377\000B\000a\000c\000k\000g\000r\000o\000u\000n\000d\000s\000\040\000f\000o\000r\000\040\000f\000i\000n\000i\000t\000e\000\040\000s\000y\000m\000m\000e\000t\000r\000i\000e\000s\000:\000\040\000d\000e\000f\000e\000c\000t\000\040\000n\000e\000t\000w\000o\000r\000k\000s}{section.6}% 27
\BOOKMARK [2][-]{subsection.6.4}{\376\377\000B\000a\000c\000k\000g\000r\000o\000u\000n\000d\000\040\000v\000s\000.\000\040\000d\000y\000n\000a\000m\000i\000c\000a\000l\000:\000\040\000t\000h\000e\000\040\000c\000l\000e\000a\000n\000\040\000c\000o\000n\000t\000r\000a\000s\000t}{section.6}% 28
\BOOKMARK [1][-]{section.7}{\376\377\000G\000a\000u\000g\000i\000n\000g\000:\000\040\000m\000a\000k\000i\000n\000g\000\040\000a\000\040\000s\000y\000m\000m\000e\000t\000r\000y\000\040\000l\000o\000c\000a\000l}{}% 29
\BOOKMARK [2][-]{subsection.7.1}{\376\377\000W\000h\000a\000t\000\040\000g\000a\000u\000g\000i\000n\000g\000\040\000p\000r\000o\000d\000u\000c\000e\000s\000:\000\040\000n\000e\000w\000\040\000o\000p\000e\000r\000a\000t\000o\000r\000s\000,\000\040\000n\000e\000w\000\040\000s\000y\000m\000m\000e\000t\000r\000i\000e\000s}{section.7}% 30
\BOOKMARK [2][-]{subsection.7.2}{\376\377\000G\000a\000u\000g\000i\000n\000g\000\040\000a\000\040\000s\000p\000a\000c\000e\000t\000i\000m\000e\000\040\000s\000y\000m\000m\000e\000t\000r\000y\000;\000\040\000s\000u\000b\000t\000l\000e\000t\000i\000e\000s}{section.7}% 31
\BOOKMARK [1][-]{section.8}{\376\377\000'\000t\000\040\000H\000o\000o\000f\000t\000\040\000a\000n\000o\000m\000a\000l\000i\000e\000s\000\040\000a\000n\000d\000\040\000a\000n\000o\000m\000a\000l\000y\000\040\000i\000n\000f\000l\000o\000w}{}% 32
\BOOKMARK [2][-]{subsection.8.1}{\376\377\000D\000e\000f\000i\000n\000i\000t\000i\000o\000n\000\040\000a\000n\000d\000\040\000t\000h\000e\000\040\000m\000e\000a\000n\000i\000n\000g\000\040\000o\000f\000\040\000t\000h\000e\000\040\000p\000h\000a\000s\000e}{section.8}% 33
\BOOKMARK [2][-]{subsection.8.2}{\376\377\000A\000n\000o\000m\000a\000l\000y\000\040\000i\000n\000f\000l\000o\000w\000:\000\040\000t\000h\000e\000\040\000b\000u\000l\000k\000\040\000S\000P\000T}{section.8}% 34
\BOOKMARK [2][-]{subsection.8.3}{\376\377\000'\000t\000\040\000H\000o\000o\000f\000t\000\040\000a\000n\000o\000m\000a\000l\000y\000\040\000m\000a\000t\000c\000h\000i\000n\000g\000:\000\040\000t\000h\000e\000\040\000p\000a\000y\000o\000f\000f}{section.8}% 35
\BOOKMARK [1][-]{section.9}{\376\377\000T\000h\000e\000\040\000m\000o\000d\000e\000r\000n\000\040\000p\000o\000i\000n\000t\000\040\000o\000f\000\040\000v\000i\000e\000w\000,\000\040\000a\000n\000d\000\040\000a\000\040\000p\000r\000e\000v\000i\000e\000w\000\040\000o\000f\000\040\000g\000e\000n\000e\000r\000a\000l\000i\000z\000e\000d\000\040\000s\000y\000m\000m\000e\000t\000r\000i\000e\000s}{}% 36
\BOOKMARK [2][-]{subsection.9.1}{\376\377\000S\000y\000m\000m\000e\000t\000r\000i\000e\000s\000\040\000a\000s\000\040\000t\000o\000p\000o\000l\000o\000g\000i\000c\000a\000l\000\040\000o\000p\000e\000r\000a\000t\000o\000r\000s}{section.9}% 37
\BOOKMARK [2][-]{subsection.9.2}{\376\377\000H\000i\000g\000h\000e\000r\000-\000f\000o\000r\000m\000\040\000s\000y\000m\000m\000e\000t\000r\000i\000e\000s}{section.9}% 38
\BOOKMARK [2][-]{subsection.9.3}{\376\377\000T\000h\000e\000\040\000b\000r\000i\000d\000g\000e\000\040\000t\000o\000\040\000S\000e\000i\000b\000e\000r\000g\000-\000s\000t\000y\000l\000e\000\040\000Q\000F\000T}{section.9}% 39
\BOOKMARK [1][-]{section.10}{\376\377\000E\000n\000d\000-\000o\000f\000-\000c\000h\000a\000p\000t\000e\000r\000\040\000e\000x\000e\000r\000c\000i\000s\000e\000s}{}% 40
\BOOKMARK [1][-]{section*.2}{\376\377\000R\000e\000f\000e\000r\000e\000n\000c\000e\000s\000\040\000a\000n\000d\000\040\000a\000\040\000r\000e\000a\000d\000i\000n\000g\000\040\000p\000l\000a\000n}{}% 41
